[debug] [2024-07-14T01:49:05.847Z] ----------------------------------------------------------------------
[debug] [2024-07-14T01:49:05.849Z] Command:       C:\Program Files\nodejs\node.exe C:\Program Files\nodejs\node_modules\firebase-tools\lib\bin\firebase.js init
[debug] [2024-07-14T01:49:05.849Z] CLI Version:   13.13.2
[debug] [2024-07-14T01:49:05.850Z] Platform:      win32
[debug] [2024-07-14T01:49:05.850Z] Node Version:  v18.20.4
[debug] [2024-07-14T01:49:05.851Z] Time:          Sun Jul 14 2024 08:49:05 GMT+0700 (Indochina Time)
[debug] [2024-07-14T01:49:05.851Z] ----------------------------------------------------------------------
[debug] 
[debug] [2024-07-14T01:49:05.856Z] > refreshing access token with scopes: []
[debug] [2024-07-14T01:49:05.858Z] >>> [apiv2][query] POST https://www.googleapis.com/oauth2/v3/token [none]
[debug] [2024-07-14T01:49:05.858Z] >>> [apiv2][body] POST https://www.googleapis.com/oauth2/v3/token [omitted]
[debug] [2024-07-14T01:49:06.887Z] <<< [apiv2][status] POST https://www.googleapis.com/oauth2/v3/token 400
[debug] [2024-07-14T01:49:06.887Z] <<< [apiv2][body] POST https://www.googleapis.com/oauth2/v3/token [omitted]
[debug] [2024-07-14T01:49:06.888Z] > command requires scopes: ["email","openid","https://www.googleapis.com/auth/cloudplatformprojects.readonly","https://www.googleapis.com/auth/firebase","https://www.googleapis.com/auth/cloud-platform"]
[debug] [2024-07-14T01:49:06.889Z] > authorizing via signed-in user (nhannguyenn510@gmail.com)
[info] 
     ######## #### ########  ######## ########     ###     ######  ########
     ##        ##  ##     ## ##       ##     ##  ##   ##  ##       ##
     ######    ##  ########  ######   ########  #########  ######  ######
     ##        ##  ##    ##  ##       ##     ## ##     ##       ## ##
     ##       #### ##     ## ######## ########  ##     ##  ######  ########

You're about to initialize a Firebase project in this directory:

  C:\Users\Nhan\vui-hoc-toan-5\src\app

[info] 
=== Project Setup
[info] 
[info] First, let's associate this project directory with a Firebase project.
[info] You can create multiple project aliases by running firebase use --add, 
[info] but for now we'll just set up a default project.
[info] 
[debug] [2024-07-14T01:49:18.859Z] >>> [apiv2][query] GET https://firebase.googleapis.com/v1beta1/projects pageSize=100
[debug] [2024-07-14T01:49:19.131Z] <<< [apiv2][status] GET https://firebase.googleapis.com/v1beta1/projects 401
[debug] [2024-07-14T01:49:19.131Z] <<< [apiv2][body] GET https://firebase.googleapis.com/v1beta1/projects [omitted]
[debug] [2024-07-14T01:49:19.131Z] HTTP Error: 401, Request had invalid authentication credentials. Expected OAuth 2 access token, login cookie or other valid authentication credential. See https://developers.google.com/identity/sign-in/web/devconsole-project.
[debug] [2024-07-14T01:49:19.132Z] FirebaseError: HTTP Error: 401, Request had invalid authentication credentials. Expected OAuth 2 access token, login cookie or other valid authentication credential. See https://developers.google.com/identity/sign-in/web/devconsole-project.
    at responseToError (C:\Users\Nhan\AppData\Roaming\nvm\v18.20.4\node_modules\firebase-tools\lib\responseToError.js:49:12)
    at RetryOperation._fn (C:\Users\Nhan\AppData\Roaming\nvm\v18.20.4\node_modules\firebase-tools\lib\apiv2.js:305:77)
    at process.processTicksAndRejections (node:internal/process/task_queues:95:5)
[error] 
[error] Error: Failed to list Firebase projects. See firebase-debug.log for more info.
